[2015-07-21 14:11:20,252][INFO ][cluster.service          ] [Rage] removed {[logstash-v1020-wn-167-68.campus-dynamic.uwaterloo.ca-6040-9790][7362gDWWRbaxKENSarIxSA][v1020-wn-167-68.campus-dynamic.uwaterloo.ca][inet[/10.20.167.68:9301]]{data=false, client=true},}, reason: zen-disco-node_failed([logstash-v1020-wn-167-68.campus-dynamic.uwaterloo.ca-6040-9790][7362gDWWRbaxKENSarIxSA][v1020-wn-167-68.campus-dynamic.uwaterloo.ca][inet[/10.20.167.68:9301]]{data=false, client=true}), reason transport disconnected
[2015-07-21 14:11:37,859][INFO ][cluster.service          ] [Rage] added {[logstash-v1020-wn-167-68.campus-dynamic.uwaterloo.ca-6352-9790][CoUjeUfVS0OQ4t6A5peTNA][v1020-wn-167-68.campus-dynamic.uwaterloo.ca][inet[/10.20.167.68:9301]]{data=false, client=true},}, reason: zen-disco-receive(join from node[[logstash-v1020-wn-167-68.campus-dynamic.uwaterloo.ca-6352-9790][CoUjeUfVS0OQ4t6A5peTNA][v1020-wn-167-68.campus-dynamic.uwaterloo.ca][inet[/10.20.167.68:9301]]{data=false, client=true}])
[2015-07-21 14:12:48,284][INFO ][cluster.service          ] [Rage] removed {[logstash-v1020-wn-167-68.campus-dynamic.uwaterloo.ca-6352-9790][CoUjeUfVS0OQ4t6A5peTNA][v1020-wn-167-68.campus-dynamic.uwaterloo.ca][inet[/10.20.167.68:9301]]{data=false, client=true},}, reason: zen-disco-node_failed([logstash-v1020-wn-167-68.campus-dynamic.uwaterloo.ca-6352-9790][CoUjeUfVS0OQ4t6A5peTNA][v1020-wn-167-68.campus-dynamic.uwaterloo.ca][inet[/10.20.167.68:9301]]{data=false, client=true}), reason transport disconnected
[2015-07-21 14:13:05,751][INFO ][cluster.service          ] [Rage] added {[logstash-v1020-wn-167-68.campus-dynamic.uwaterloo.ca-6374-9790][zOSOTBIuSbifBxtU9kiljw][v1020-wn-167-68.campus-dynamic.uwaterloo.ca][inet[/10.20.167.68:9301]]{data=false, client=true},}, reason: zen-disco-receive(join from node[[logstash-v1020-wn-167-68.campus-dynamic.uwaterloo.ca-6374-9790][zOSOTBIuSbifBxtU9kiljw][v1020-wn-167-68.campus-dynamic.uwaterloo.ca][inet[/10.20.167.68:9301]]{data=false, client=true}])
[2015-07-21 14:13:26,791][INFO ][cluster.metadata         ] [Rage] [logstash-2015.07.21] update_mapping [core2] (dynamic)
[2015-07-21 14:57:47,672][INFO ][cluster.metadata         ] [Rage] [.kibana] deleting index
[2015-07-21 14:57:47,717][INFO ][cluster.metadata         ] [Rage] [logstash-2015.07.04] deleting index
[2015-07-21 14:57:47,775][INFO ][cluster.metadata         ] [Rage] [logstash-2015.06.23] deleting index
[2015-07-21 14:57:47,832][INFO ][cluster.metadata         ] [Rage] [logstash-2015.07.21] deleting index
[2015-07-21 14:57:47,878][INFO ][cluster.metadata         ] [Rage] [logstash-2015.06.08] deleting index
[2015-07-21 14:57:59,278][INFO ][cluster.metadata         ] [Rage] [.kibana] creating index, cause [api], templates [], shards [1]/[1], mappings []
[2015-07-21 14:57:59,406][INFO ][cluster.metadata         ] [Rage] [.kibana] update_mapping [config] (dynamic)
[2015-07-21 14:57:59,620][INFO ][cluster.metadata         ] [Rage] [.kibana] create_mapping [index-pattern]
[2015-07-21 15:12:04,069][DEBUG][action.admin.indices.stats] [Rage] [.kibana][0], node[3Lh-7WDeQRWQobQ_Mndcow], [P], s[STARTED]: failed to execute [org.elasticsearch.action.admin.indices.stats.IndicesStatsRequest@54c49a8d]
org.elasticsearch.ElasticsearchException: failed to refresh store stats
	at org.elasticsearch.index.store.Store$StoreStatsCache.refresh(Store.java:1458)
	at org.elasticsearch.index.store.Store$StoreStatsCache.refresh(Store.java:1443)
	at org.elasticsearch.common.util.SingleObjectCache.getOrRefresh(SingleObjectCache.java:55)
	at org.elasticsearch.index.store.Store.stats(Store.java:285)
	at org.elasticsearch.index.shard.IndexShard.storeStats(IndexShard.java:600)
	at org.elasticsearch.action.admin.indices.stats.CommonStats.<init>(CommonStats.java:139)
	at org.elasticsearch.action.admin.indices.stats.ShardStats.<init>(ShardStats.java:49)
	at org.elasticsearch.action.admin.indices.stats.TransportIndicesStatsAction.shardOperation(TransportIndicesStatsAction.java:208)
	at org.elasticsearch.action.admin.indices.stats.TransportIndicesStatsAction.shardOperation(TransportIndicesStatsAction.java:56)
	at org.elasticsearch.action.support.broadcast.TransportBroadcastOperationAction$AsyncBroadcastAction$1.run(TransportBroadcastOperationAction.java:171)
	at java.util.concurrent.ThreadPoolExecutor.runWorker(ThreadPoolExecutor.java:1142)
	at java.util.concurrent.ThreadPoolExecutor$Worker.run(ThreadPoolExecutor.java:617)
	at java.lang.Thread.run(Thread.java:745)
[2015-07-21 15:12:34,068][DEBUG][action.admin.indices.stats] [Rage] [.kibana][0], node[3Lh-7WDeQRWQobQ_Mndcow], [P], s[STARTED]: failed to execute [org.elasticsearch.action.admin.indices.stats.IndicesStatsRequest@508a22f8]
org.elasticsearch.ElasticsearchException: failed to refresh store stats
	at org.elasticsearch.index.store.Store$StoreStatsCache.refresh(Store.java:1458)
	at org.elasticsearch.index.store.Store$StoreStatsCache.refresh(Store.java:1443)
	at org.elasticsearch.common.util.SingleObjectCache.getOrRefresh(SingleObjectCache.java:55)
	at org.elasticsearch.index.store.Store.stats(Store.java:285)
	at org.elasticsearch.index.shard.IndexShard.storeStats(IndexShard.java:600)
	at org.elasticsearch.action.admin.indices.stats.CommonStats.<init>(CommonStats.java:139)
	at org.elasticsearch.action.admin.indices.stats.ShardStats.<init>(ShardStats.java:49)
	at org.elasticsearch.action.admin.indices.stats.TransportIndicesStatsAction.shardOperation(TransportIndicesStatsAction.java:208)
	at org.elasticsearch.action.admin.indices.stats.TransportIndicesStatsAction.shardOperation(TransportIndicesStatsAction.java:56)
	at org.elasticsearch.action.support.broadcast.TransportBroadcastOperationAction$AsyncBroadcastAction$1.run(TransportBroadcastOperationAction.java:171)
	at java.util.concurrent.ThreadPoolExecutor.runWorker(ThreadPoolExecutor.java:1142)
	at java.util.concurrent.ThreadPoolExecutor$Worker.run(ThreadPoolExecutor.java:617)
	at java.lang.Thread.run(Thread.java:745)
[2015-07-21 15:13:04,070][DEBUG][action.admin.indices.stats] [Rage] [.kibana][0], node[3Lh-7WDeQRWQobQ_Mndcow], [P], s[STARTED]: failed to execute [org.elasticsearch.action.admin.indices.stats.IndicesStatsRequest@5cc741f6]
org.elasticsearch.ElasticsearchException: failed to refresh store stats
	at org.elasticsearch.index.store.Store$StoreStatsCache.refresh(Store.java:1458)
	at org.elasticsearch.index.store.Store$StoreStatsCache.refresh(Store.java:1443)
	at org.elasticsearch.common.util.SingleObjectCache.getOrRefresh(SingleObjectCache.java:55)
	at org.elasticsearch.index.store.Store.stats(Store.java:285)
	at org.elasticsearch.index.shard.IndexShard.storeStats(IndexShard.java:600)
	at org.elasticsearch.action.admin.indices.stats.CommonStats.<init>(CommonStats.java:139)
	at org.elasticsearch.action.admin.indices.stats.ShardStats.<init>(ShardStats.java:49)
	at org.elasticsearch.action.admin.indices.stats.TransportIndicesStatsAction.shardOperation(TransportIndicesStatsAction.java:208)
	at org.elasticsearch.action.admin.indices.stats.TransportIndicesStatsAction.shardOperation(TransportIndicesStatsAction.java:56)
	at org.elasticsearch.action.support.broadcast.TransportBroadcastOperationAction$AsyncBroadcastAction$1.run(TransportBroadcastOperationAction.java:171)
	at java.util.concurrent.ThreadPoolExecutor.runWorker(ThreadPoolExecutor.java:1142)
	at java.util.concurrent.ThreadPoolExecutor$Worker.run(ThreadPoolExecutor.java:617)
	at java.lang.Thread.run(Thread.java:745)
[2015-07-21 15:13:34,071][DEBUG][action.admin.indices.stats] [Rage] [.kibana][0], node[3Lh-7WDeQRWQobQ_Mndcow], [P], s[STARTED]: failed to execute [org.elasticsearch.action.admin.indices.stats.IndicesStatsRequest@2b636a25]
org.elasticsearch.ElasticsearchException: failed to refresh store stats
	at org.elasticsearch.index.store.Store$StoreStatsCache.refresh(Store.java:1458)
	at org.elasticsearch.index.store.Store$StoreStatsCache.refresh(Store.java:1443)
	at org.elasticsearch.common.util.SingleObjectCache.getOrRefresh(SingleObjectCache.java:55)
	at org.elasticsearch.index.store.Store.stats(Store.java:285)
	at org.elasticsearch.index.shard.IndexShard.storeStats(IndexShard.java:600)
	at org.elasticsearch.action.admin.indices.stats.CommonStats.<init>(CommonStats.java:139)
	at org.elasticsearch.action.admin.indices.stats.ShardStats.<init>(ShardStats.java:49)
	at org.elasticsearch.action.admin.indices.stats.TransportIndicesStatsAction.shardOperation(TransportIndicesStatsAction.java:208)
	at org.elasticsearch.action.admin.indices.stats.TransportIndicesStatsAction.shardOperation(TransportIndicesStatsAction.java:56)
	at org.elasticsearch.action.support.broadcast.TransportBroadcastOperationAction$AsyncBroadcastAction$1.run(TransportBroadcastOperationAction.java:171)
	at java.util.concurrent.ThreadPoolExecutor.runWorker(ThreadPoolExecutor.java:1142)
	at java.util.concurrent.ThreadPoolExecutor$Worker.run(ThreadPoolExecutor.java:617)
	at java.lang.Thread.run(Thread.java:745)
[2015-07-21 15:14:04,074][DEBUG][action.admin.indices.stats] [Rage] [.kibana][0], node[3Lh-7WDeQRWQobQ_Mndcow], [P], s[STARTED]: failed to execute [org.elasticsearch.action.admin.indices.stats.IndicesStatsRequest@21b02815]
org.elasticsearch.ElasticsearchException: failed to refresh store stats
	at org.elasticsearch.index.store.Store$StoreStatsCache.refresh(Store.java:1458)
	at org.elasticsearch.index.store.Store$StoreStatsCache.refresh(Store.java:1443)
	at org.elasticsearch.common.util.SingleObjectCache.getOrRefresh(SingleObjectCache.java:55)
	at org.elasticsearch.index.store.Store.stats(Store.java:285)
	at org.elasticsearch.index.shard.IndexShard.storeStats(IndexShard.java:600)
	at org.elasticsearch.action.admin.indices.stats.CommonStats.<init>(CommonStats.java:139)
	at org.elasticsearch.action.admin.indices.stats.ShardStats.<init>(ShardStats.java:49)
	at org.elasticsearch.action.admin.indices.stats.TransportIndicesStatsAction.shardOperation(TransportIndicesStatsAction.java:208)
	at org.elasticsearch.action.admin.indices.stats.TransportIndicesStatsAction.shardOperation(TransportIndicesStatsAction.java:56)
	at org.elasticsearch.action.support.broadcast.TransportBroadcastOperationAction$AsyncBroadcastAction$1.run(TransportBroadcastOperationAction.java:171)
	at java.util.concurrent.ThreadPoolExecutor.runWorker(ThreadPoolExecutor.java:1142)
	at java.util.concurrent.ThreadPoolExecutor$Worker.run(ThreadPoolExecutor.java:617)
	at java.lang.Thread.run(Thread.java:745)
[2015-07-21 15:14:34,078][DEBUG][action.admin.indices.stats] [Rage] [.kibana][0], node[3Lh-7WDeQRWQobQ_Mndcow], [P], s[STARTED]: failed to execute [org.elasticsearch.action.admin.indices.stats.IndicesStatsRequest@431c2e57]
org.elasticsearch.ElasticsearchException: failed to refresh store stats
	at org.elasticsearch.index.store.Store$StoreStatsCache.refresh(Store.java:1458)
	at org.elasticsearch.index.store.Store$StoreStatsCache.refresh(Store.java:1443)
	at org.elasticsearch.common.util.SingleObjectCache.getOrRefresh(SingleObjectCache.java:55)
	at org.elasticsearch.index.store.Store.stats(Store.java:285)
	at org.elasticsearch.index.shard.IndexShard.storeStats(IndexShard.java:600)
	at org.elasticsearch.action.admin.indices.stats.CommonStats.<init>(CommonStats.java:139)
	at org.elasticsearch.action.admin.indices.stats.ShardStats.<init>(ShardStats.java:49)
	at org.elasticsearch.action.admin.indices.stats.TransportIndicesStatsAction.shardOperation(TransportIndicesStatsAction.java:208)
	at org.elasticsearch.action.admin.indices.stats.TransportIndicesStatsAction.shardOperation(TransportIndicesStatsAction.java:56)
	at org.elasticsearch.action.support.broadcast.TransportBroadcastOperationAction$AsyncBroadcastAction$1.run(TransportBroadcastOperationAction.java:171)
	at java.util.concurrent.ThreadPoolExecutor.runWorker(ThreadPoolExecutor.java:1142)
	at java.util.concurrent.ThreadPoolExecutor$Worker.run(ThreadPoolExecutor.java:617)
	at java.lang.Thread.run(Thread.java:745)
[2015-07-21 15:15:04,080][DEBUG][action.admin.indices.stats] [Rage] [.kibana][0], node[3Lh-7WDeQRWQobQ_Mndcow], [P], s[STARTED]: failed to execute [org.elasticsearch.action.admin.indices.stats.IndicesStatsRequest@54aa88de]
org.elasticsearch.ElasticsearchException: failed to refresh store stats
	at org.elasticsearch.index.store.Store$StoreStatsCache.refresh(Store.java:1458)
	at org.elasticsearch.index.store.Store$StoreStatsCache.refresh(Store.java:1443)
	at org.elasticsearch.common.util.SingleObjectCache.getOrRefresh(SingleObjectCache.java:55)
	at org.elasticsearch.index.store.Store.stats(Store.java:285)
	at org.elasticsearch.index.shard.IndexShard.storeStats(IndexShard.java:600)
	at org.elasticsearch.action.admin.indices.stats.CommonStats.<init>(CommonStats.java:139)
	at org.elasticsearch.action.admin.indices.stats.ShardStats.<init>(ShardStats.java:49)
	at org.elasticsearch.action.admin.indices.stats.TransportIndicesStatsAction.shardOperation(TransportIndicesStatsAction.java:208)
	at org.elasticsearch.action.admin.indices.stats.TransportIndicesStatsAction.shardOperation(TransportIndicesStatsAction.java:56)
	at org.elasticsearch.action.support.broadcast.TransportBroadcastOperationAction$AsyncBroadcastAction$1.run(TransportBroadcastOperationAction.java:171)
	at java.util.concurrent.ThreadPoolExecutor.runWorker(ThreadPoolExecutor.java:1142)
	at java.util.concurrent.ThreadPoolExecutor$Worker.run(ThreadPoolExecutor.java:617)
	at java.lang.Thread.run(Thread.java:745)
[2015-07-21 15:15:34,084][DEBUG][action.admin.indices.stats] [Rage] [.kibana][0], node[3Lh-7WDeQRWQobQ_Mndcow], [P], s[STARTED]: failed to execute [org.elasticsearch.action.admin.indices.stats.IndicesStatsRequest@6271398]
org.elasticsearch.ElasticsearchException: failed to refresh store stats
	at org.elasticsearch.index.store.Store$StoreStatsCache.refresh(Store.java:1458)
	at org.elasticsearch.index.store.Store$StoreStatsCache.refresh(Store.java:1443)
	at org.elasticsearch.common.util.SingleObjectCache.getOrRefresh(SingleObjectCache.java:55)
	at org.elasticsearch.index.store.Store.stats(Store.java:285)
	at org.elasticsearch.index.shard.IndexShard.storeStats(IndexShard.java:600)
	at org.elasticsearch.action.admin.indices.stats.CommonStats.<init>(CommonStats.java:139)
	at org.elasticsearch.action.admin.indices.stats.ShardStats.<init>(ShardStats.java:49)
	at org.elasticsearch.action.admin.indices.stats.TransportIndicesStatsAction.shardOperation(TransportIndicesStatsAction.java:208)
	at org.elasticsearch.action.admin.indices.stats.TransportIndicesStatsAction.shardOperation(TransportIndicesStatsAction.java:56)
	at org.elasticsearch.action.support.broadcast.TransportBroadcastOperationAction$AsyncBroadcastAction$1.run(TransportBroadcastOperationAction.java:171)
	at java.util.concurrent.ThreadPoolExecutor.runWorker(ThreadPoolExecutor.java:1142)
	at java.util.concurrent.ThreadPoolExecutor$Worker.run(ThreadPoolExecutor.java:617)
	at java.lang.Thread.run(Thread.java:745)
[2015-07-21 15:16:04,082][DEBUG][action.admin.indices.stats] [Rage] [.kibana][0], node[3Lh-7WDeQRWQobQ_Mndcow], [P], s[STARTED]: failed to execute [org.elasticsearch.action.admin.indices.stats.IndicesStatsRequest@cdf78e8]
org.elasticsearch.ElasticsearchException: failed to refresh store stats
	at org.elasticsearch.index.store.Store$StoreStatsCache.refresh(Store.java:1458)
	at org.elasticsearch.index.store.Store$StoreStatsCache.refresh(Store.java:1443)
	at org.elasticsearch.common.util.SingleObjectCache.getOrRefresh(SingleObjectCache.java:55)
	at org.elasticsearch.index.store.Store.stats(Store.java:285)
	at org.elasticsearch.index.shard.IndexShard.storeStats(IndexShard.java:600)
	at org.elasticsearch.action.admin.indices.stats.CommonStats.<init>(CommonStats.java:139)
	at org.elasticsearch.action.admin.indices.stats.ShardStats.<init>(ShardStats.java:49)
	at org.elasticsearch.action.admin.indices.stats.TransportIndicesStatsAction.shardOperation(TransportIndicesStatsAction.java:208)
	at org.elasticsearch.action.admin.indices.stats.TransportIndicesStatsAction.shardOperation(TransportIndicesStatsAction.java:56)
	at org.elasticsearch.action.support.broadcast.TransportBroadcastOperationAction$AsyncBroadcastAction$1.run(TransportBroadcastOperationAction.java:171)
	at java.util.concurrent.ThreadPoolExecutor.runWorker(ThreadPoolExecutor.java:1142)
	at java.util.concurrent.ThreadPoolExecutor$Worker.run(ThreadPoolExecutor.java:617)
	at java.lang.Thread.run(Thread.java:745)
[2015-07-21 15:16:34,082][DEBUG][action.admin.indices.stats] [Rage] [.kibana][0], node[3Lh-7WDeQRWQobQ_Mndcow], [P], s[STARTED]: failed to execute [org.elasticsearch.action.admin.indices.stats.IndicesStatsRequest@77589667]
org.elasticsearch.ElasticsearchException: failed to refresh store stats
	at org.elasticsearch.index.store.Store$StoreStatsCache.refresh(Store.java:1458)
	at org.elasticsearch.index.store.Store$StoreStatsCache.refresh(Store.java:1443)
	at org.elasticsearch.common.util.SingleObjectCache.getOrRefresh(SingleObjectCache.java:55)
	at org.elasticsearch.index.store.Store.stats(Store.java:285)
	at org.elasticsearch.index.shard.IndexShard.storeStats(IndexShard.java:600)
	at org.elasticsearch.action.admin.indices.stats.CommonStats.<init>(CommonStats.java:139)
	at org.elasticsearch.action.admin.indices.stats.ShardStats.<init>(ShardStats.java:49)
	at org.elasticsearch.action.admin.indices.stats.TransportIndicesStatsAction.shardOperation(TransportIndicesStatsAction.java:208)
	at org.elasticsearch.action.admin.indices.stats.TransportIndicesStatsAction.shardOperation(TransportIndicesStatsAction.java:56)
	at org.elasticsearch.action.support.broadcast.TransportBroadcastOperationAction$AsyncBroadcastAction$1.run(TransportBroadcastOperationAction.java:171)
	at java.util.concurrent.ThreadPoolExecutor.runWorker(ThreadPoolExecutor.java:1142)
	at java.util.concurrent.ThreadPoolExecutor$Worker.run(ThreadPoolExecutor.java:617)
	at java.lang.Thread.run(Thread.java:745)
[2015-07-21 15:17:04,081][DEBUG][action.admin.indices.stats] [Rage] [.kibana][0], node[3Lh-7WDeQRWQobQ_Mndcow], [P], s[STARTED]: failed to execute [org.elasticsearch.action.admin.indices.stats.IndicesStatsRequest@f31a3f6]
org.elasticsearch.ElasticsearchException: failed to refresh store stats
	at org.elasticsearch.index.store.Store$StoreStatsCache.refresh(Store.java:1458)
	at org.elasticsearch.index.store.Store$StoreStatsCache.refresh(Store.java:1443)
	at org.elasticsearch.common.util.SingleObjectCache.getOrRefresh(SingleObjectCache.java:55)
	at org.elasticsearch.index.store.Store.stats(Store.java:285)
	at org.elasticsearch.index.shard.IndexShard.storeStats(IndexShard.java:600)
	at org.elasticsearch.action.admin.indices.stats.CommonStats.<init>(CommonStats.java:139)
	at org.elasticsearch.action.admin.indices.stats.ShardStats.<init>(ShardStats.java:49)
	at org.elasticsearch.action.admin.indices.stats.TransportIndicesStatsAction.shardOperation(TransportIndicesStatsAction.java:208)
	at org.elasticsearch.action.admin.indices.stats.TransportIndicesStatsAction.shardOperation(TransportIndicesStatsAction.java:56)
	at org.elasticsearch.action.support.broadcast.TransportBroadcastOperationAction$AsyncBroadcastAction$1.run(TransportBroadcastOperationAction.java:171)
	at java.util.concurrent.ThreadPoolExecutor.runWorker(ThreadPoolExecutor.java:1142)
	at java.util.concurrent.ThreadPoolExecutor$Worker.run(ThreadPoolExecutor.java:617)
	at java.lang.Thread.run(Thread.java:745)
[2015-07-21 15:17:34,085][DEBUG][action.admin.indices.stats] [Rage] [.kibana][0], node[3Lh-7WDeQRWQobQ_Mndcow], [P], s[STARTED]: failed to execute [org.elasticsearch.action.admin.indices.stats.IndicesStatsRequest@1a2a58af]
org.elasticsearch.ElasticsearchException: failed to refresh store stats
	at org.elasticsearch.index.store.Store$StoreStatsCache.refresh(Store.java:1458)
	at org.elasticsearch.index.store.Store$StoreStatsCache.refresh(Store.java:1443)
	at org.elasticsearch.common.util.SingleObjectCache.getOrRefresh(SingleObjectCache.java:55)
	at org.elasticsearch.index.store.Store.stats(Store.java:285)
	at org.elasticsearch.index.shard.IndexShard.storeStats(IndexShard.java:600)
	at org.elasticsearch.action.admin.indices.stats.CommonStats.<init>(CommonStats.java:139)
	at org.elasticsearch.action.admin.indices.stats.ShardStats.<init>(ShardStats.java:49)
	at org.elasticsearch.action.admin.indices.stats.TransportIndicesStatsAction.shardOperation(TransportIndicesStatsAction.java:208)
	at org.elasticsearch.action.admin.indices.stats.TransportIndicesStatsAction.shardOperation(TransportIndicesStatsAction.java:56)
	at org.elasticsearch.action.support.broadcast.TransportBroadcastOperationAction$AsyncBroadcastAction$1.run(TransportBroadcastOperationAction.java:171)
	at java.util.concurrent.ThreadPoolExecutor.runWorker(ThreadPoolExecutor.java:1142)
	at java.util.concurrent.ThreadPoolExecutor$Worker.run(ThreadPoolExecutor.java:617)
	at java.lang.Thread.run(Thread.java:745)
[2015-07-21 15:18:04,084][DEBUG][action.admin.indices.stats] [Rage] [.kibana][0], node[3Lh-7WDeQRWQobQ_Mndcow], [P], s[STARTED]: failed to execute [org.elasticsearch.action.admin.indices.stats.IndicesStatsRequest@1435af15]
org.elasticsearch.ElasticsearchException: failed to refresh store stats
	at org.elasticsearch.index.store.Store$StoreStatsCache.refresh(Store.java:1458)
	at org.elasticsearch.index.store.Store$StoreStatsCache.refresh(Store.java:1443)
	at org.elasticsearch.common.util.SingleObjectCache.getOrRefresh(SingleObjectCache.java:55)
	at org.elasticsearch.index.store.Store.stats(Store.java:285)
	at org.elasticsearch.index.shard.IndexShard.storeStats(IndexShard.java:600)
	at org.elasticsearch.action.admin.indices.stats.CommonStats.<init>(CommonStats.java:139)
	at org.elasticsearch.action.admin.indices.stats.ShardStats.<init>(ShardStats.java:49)
	at org.elasticsearch.action.admin.indices.stats.TransportIndicesStatsAction.shardOperation(TransportIndicesStatsAction.java:208)
	at org.elasticsearch.action.admin.indices.stats.TransportIndicesStatsAction.shardOperation(TransportIndicesStatsAction.java:56)
	at org.elasticsearch.action.support.broadcast.TransportBroadcastOperationAction$AsyncBroadcastAction$1.run(TransportBroadcastOperationAction.java:171)
	at java.util.concurrent.ThreadPoolExecutor.runWorker(ThreadPoolExecutor.java:1142)
	at java.util.concurrent.ThreadPoolExecutor$Worker.run(ThreadPoolExecutor.java:617)
	at java.lang.Thread.run(Thread.java:745)
[2015-07-21 15:18:34,087][DEBUG][action.admin.indices.stats] [Rage] [.kibana][0], node[3Lh-7WDeQRWQobQ_Mndcow], [P], s[STARTED]: failed to execute [org.elasticsearch.action.admin.indices.stats.IndicesStatsRequest@651b9f2b]
org.elasticsearch.ElasticsearchException: failed to refresh store stats
	at org.elasticsearch.index.store.Store$StoreStatsCache.refresh(Store.java:1458)
	at org.elasticsearch.index.store.Store$StoreStatsCache.refresh(Store.java:1443)
	at org.elasticsearch.common.util.SingleObjectCache.getOrRefresh(SingleObjectCache.java:55)
	at org.elasticsearch.index.store.Store.stats(Store.java:285)
	at org.elasticsearch.index.shard.IndexShard.storeStats(IndexShard.java:600)
	at org.elasticsearch.action.admin.indices.stats.CommonStats.<init>(CommonStats.java:139)
	at org.elasticsearch.action.admin.indices.stats.ShardStats.<init>(ShardStats.java:49)
	at org.elasticsearch.action.admin.indices.stats.TransportIndicesStatsAction.shardOperation(TransportIndicesStatsAction.java:208)
	at org.elasticsearch.action.admin.indices.stats.TransportIndicesStatsAction.shardOperation(TransportIndicesStatsAction.java:56)
	at org.elasticsearch.action.support.broadcast.TransportBroadcastOperationAction$AsyncBroadcastAction$1.run(TransportBroadcastOperationAction.java:171)
	at java.util.concurrent.ThreadPoolExecutor.runWorker(ThreadPoolExecutor.java:1142)
	at java.util.concurrent.ThreadPoolExecutor$Worker.run(ThreadPoolExecutor.java:617)
	at java.lang.Thread.run(Thread.java:745)
[2015-07-21 15:19:04,090][DEBUG][action.admin.indices.stats] [Rage] [.kibana][0], node[3Lh-7WDeQRWQobQ_Mndcow], [P], s[STARTED]: failed to execute [org.elasticsearch.action.admin.indices.stats.IndicesStatsRequest@62ddeda]
org.elasticsearch.ElasticsearchException: failed to refresh store stats
	at org.elasticsearch.index.store.Store$StoreStatsCache.refresh(Store.java:1458)
	at org.elasticsearch.index.store.Store$StoreStatsCache.refresh(Store.java:1443)
	at org.elasticsearch.common.util.SingleObjectCache.getOrRefresh(SingleObjectCache.java:55)
	at org.elasticsearch.index.store.Store.stats(Store.java:285)
	at org.elasticsearch.index.shard.IndexShard.storeStats(IndexShard.java:600)
	at org.elasticsearch.action.admin.indices.stats.CommonStats.<init>(CommonStats.java:139)
	at org.elasticsearch.action.admin.indices.stats.ShardStats.<init>(ShardStats.java:49)
	at org.elasticsearch.action.admin.indices.stats.TransportIndicesStatsAction.shardOperation(TransportIndicesStatsAction.java:208)
	at org.elasticsearch.action.admin.indices.stats.TransportIndicesStatsAction.shardOperation(TransportIndicesStatsAction.java:56)
	at org.elasticsearch.action.support.broadcast.TransportBroadcastOperationAction$AsyncBroadcastAction$1.run(TransportBroadcastOperationAction.java:171)
	at java.util.concurrent.ThreadPoolExecutor.runWorker(ThreadPoolExecutor.java:1142)
	at java.util.concurrent.ThreadPoolExecutor$Worker.run(ThreadPoolExecutor.java:617)
	at java.lang.Thread.run(Thread.java:745)
[2015-07-21 15:19:34,091][DEBUG][action.admin.indices.stats] [Rage] [.kibana][0], node[3Lh-7WDeQRWQobQ_Mndcow], [P], s[STARTED]: failed to execute [org.elasticsearch.action.admin.indices.stats.IndicesStatsRequest@702dbb03]
org.elasticsearch.ElasticsearchException: failed to refresh store stats
	at org.elasticsearch.index.store.Store$StoreStatsCache.refresh(Store.java:1458)
	at org.elasticsearch.index.store.Store$StoreStatsCache.refresh(Store.java:1443)
	at org.elasticsearch.common.util.SingleObjectCache.getOrRefresh(SingleObjectCache.java:55)
	at org.elasticsearch.index.store.Store.stats(Store.java:285)
	at org.elasticsearch.index.shard.IndexShard.storeStats(IndexShard.java:600)
	at org.elasticsearch.action.admin.indices.stats.CommonStats.<init>(CommonStats.java:139)
	at org.elasticsearch.action.admin.indices.stats.ShardStats.<init>(ShardStats.java:49)
	at org.elasticsearch.action.admin.indices.stats.TransportIndicesStatsAction.shardOperation(TransportIndicesStatsAction.java:208)
	at org.elasticsearch.action.admin.indices.stats.TransportIndicesStatsAction.shardOperation(TransportIndicesStatsAction.java:56)
	at org.elasticsearch.action.support.broadcast.TransportBroadcastOperationAction$AsyncBroadcastAction$1.run(TransportBroadcastOperationAction.java:171)
	at java.util.concurrent.ThreadPoolExecutor.runWorker(ThreadPoolExecutor.java:1142)
	at java.util.concurrent.ThreadPoolExecutor$Worker.run(ThreadPoolExecutor.java:617)
	at java.lang.Thread.run(Thread.java:745)
[2015-07-21 15:20:04,094][DEBUG][action.admin.indices.stats] [Rage] [.kibana][0], node[3Lh-7WDeQRWQobQ_Mndcow], [P], s[STARTED]: failed to execute [org.elasticsearch.action.admin.indices.stats.IndicesStatsRequest@77fbb4b7]
org.elasticsearch.ElasticsearchException: failed to refresh store stats
	at org.elasticsearch.index.store.Store$StoreStatsCache.refresh(Store.java:1458)
	at org.elasticsearch.index.store.Store$StoreStatsCache.refresh(Store.java:1443)
	at org.elasticsearch.common.util.SingleObjectCache.getOrRefresh(SingleObjectCache.java:55)
	at org.elasticsearch.index.store.Store.stats(Store.java:285)
	at org.elasticsearch.index.shard.IndexShard.storeStats(IndexShard.java:600)
	at org.elasticsearch.action.admin.indices.stats.CommonStats.<init>(CommonStats.java:139)
	at org.elasticsearch.action.admin.indices.stats.ShardStats.<init>(ShardStats.java:49)
	at org.elasticsearch.action.admin.indices.stats.TransportIndicesStatsAction.shardOperation(TransportIndicesStatsAction.java:208)
	at org.elasticsearch.action.admin.indices.stats.TransportIndicesStatsAction.shardOperation(TransportIndicesStatsAction.java:56)
	at org.elasticsearch.action.support.broadcast.TransportBroadcastOperationAction$AsyncBroadcastAction$1.run(TransportBroadcastOperationAction.java:171)
	at java.util.concurrent.ThreadPoolExecutor.runWorker(ThreadPoolExecutor.java:1142)
	at java.util.concurrent.ThreadPoolExecutor$Worker.run(ThreadPoolExecutor.java:617)
	at java.lang.Thread.run(Thread.java:745)
[2015-07-21 15:20:34,098][DEBUG][action.admin.indices.stats] [Rage] [.kibana][0], node[3Lh-7WDeQRWQobQ_Mndcow], [P], s[STARTED]: failed to execute [org.elasticsearch.action.admin.indices.stats.IndicesStatsRequest@54f8aefe]
org.elasticsearch.ElasticsearchException: failed to refresh store stats
	at org.elasticsearch.index.store.Store$StoreStatsCache.refresh(Store.java:1458)
	at org.elasticsearch.index.store.Store$StoreStatsCache.refresh(Store.java:1443)
	at org.elasticsearch.common.util.SingleObjectCache.getOrRefresh(SingleObjectCache.java:55)
	at org.elasticsearch.index.store.Store.stats(Store.java:285)
	at org.elasticsearch.index.shard.IndexShard.storeStats(IndexShard.java:600)
	at org.elasticsearch.action.admin.indices.stats.CommonStats.<init>(CommonStats.java:139)
	at org.elasticsearch.action.admin.indices.stats.ShardStats.<init>(ShardStats.java:49)
	at org.elasticsearch.action.admin.indices.stats.TransportIndicesStatsAction.shardOperation(TransportIndicesStatsAction.java:208)
	at org.elasticsearch.action.admin.indices.stats.TransportIndicesStatsAction.shardOperation(TransportIndicesStatsAction.java:56)
	at org.elasticsearch.action.support.broadcast.TransportBroadcastOperationAction$AsyncBroadcastAction$1.run(TransportBroadcastOperationAction.java:171)
	at java.util.concurrent.ThreadPoolExecutor.runWorker(ThreadPoolExecutor.java:1142)
	at java.util.concurrent.ThreadPoolExecutor$Worker.run(ThreadPoolExecutor.java:617)
	at java.lang.Thread.run(Thread.java:745)
[2015-07-21 15:21:04,099][DEBUG][action.admin.indices.stats] [Rage] [.kibana][0], node[3Lh-7WDeQRWQobQ_Mndcow], [P], s[STARTED]: failed to execute [org.elasticsearch.action.admin.indices.stats.IndicesStatsRequest@1162262e]
org.elasticsearch.ElasticsearchException: failed to refresh store stats
	at org.elasticsearch.index.store.Store$StoreStatsCache.refresh(Store.java:1458)
	at org.elasticsearch.index.store.Store$StoreStatsCache.refresh(Store.java:1443)
	at org.elasticsearch.common.util.SingleObjectCache.getOrRefresh(SingleObjectCache.java:55)
	at org.elasticsearch.index.store.Store.stats(Store.java:285)
	at org.elasticsearch.index.shard.IndexShard.storeStats(IndexShard.java:600)
	at org.elasticsearch.action.admin.indices.stats.CommonStats.<init>(CommonStats.java:139)
	at org.elasticsearch.action.admin.indices.stats.ShardStats.<init>(ShardStats.java:49)
	at org.elasticsearch.action.admin.indices.stats.TransportIndicesStatsAction.shardOperation(TransportIndicesStatsAction.java:208)
	at org.elasticsearch.action.admin.indices.stats.TransportIndicesStatsAction.shardOperation(TransportIndicesStatsAction.java:56)
	at org.elasticsearch.action.support.broadcast.TransportBroadcastOperationAction$AsyncBroadcastAction$1.run(TransportBroadcastOperationAction.java:171)
	at java.util.concurrent.ThreadPoolExecutor.runWorker(ThreadPoolExecutor.java:1142)
	at java.util.concurrent.ThreadPoolExecutor$Worker.run(ThreadPoolExecutor.java:617)
	at java.lang.Thread.run(Thread.java:745)
[2015-07-21 15:21:34,103][DEBUG][action.admin.indices.stats] [Rage] [.kibana][0], node[3Lh-7WDeQRWQobQ_Mndcow], [P], s[STARTED]: failed to execute [org.elasticsearch.action.admin.indices.stats.IndicesStatsRequest@751b9b18]
org.elasticsearch.ElasticsearchException: failed to refresh store stats
	at org.elasticsearch.index.store.Store$StoreStatsCache.refresh(Store.java:1458)
	at org.elasticsearch.index.store.Store$StoreStatsCache.refresh(Store.java:1443)
	at org.elasticsearch.common.util.SingleObjectCache.getOrRefresh(SingleObjectCache.java:55)
	at org.elasticsearch.index.store.Store.stats(Store.java:285)
	at org.elasticsearch.index.shard.IndexShard.storeStats(IndexShard.java:600)
	at org.elasticsearch.action.admin.indices.stats.CommonStats.<init>(CommonStats.java:139)
	at org.elasticsearch.action.admin.indices.stats.ShardStats.<init>(ShardStats.java:49)
	at org.elasticsearch.action.admin.indices.stats.TransportIndicesStatsAction.shardOperation(TransportIndicesStatsAction.java:208)
	at org.elasticsearch.action.admin.indices.stats.TransportIndicesStatsAction.shardOperation(TransportIndicesStatsAction.java:56)
	at org.elasticsearch.action.support.broadcast.TransportBroadcastOperationAction$AsyncBroadcastAction$1.run(TransportBroadcastOperationAction.java:171)
	at java.util.concurrent.ThreadPoolExecutor.runWorker(ThreadPoolExecutor.java:1142)
	at java.util.concurrent.ThreadPoolExecutor$Worker.run(ThreadPoolExecutor.java:617)
	at java.lang.Thread.run(Thread.java:745)
[2015-07-21 15:22:04,101][DEBUG][action.admin.indices.stats] [Rage] [.kibana][0], node[3Lh-7WDeQRWQobQ_Mndcow], [P], s[STARTED]: failed to execute [org.elasticsearch.action.admin.indices.stats.IndicesStatsRequest@7dc94dcc]
org.elasticsearch.ElasticsearchException: failed to refresh store stats
	at org.elasticsearch.index.store.Store$StoreStatsCache.refresh(Store.java:1458)
	at org.elasticsearch.index.store.Store$StoreStatsCache.refresh(Store.java:1443)
	at org.elasticsearch.common.util.SingleObjectCache.getOrRefresh(SingleObjectCache.java:55)
	at org.elasticsearch.index.store.Store.stats(Store.java:285)
	at org.elasticsearch.index.shard.IndexShard.storeStats(IndexShard.java:600)
	at org.elasticsearch.action.admin.indices.stats.CommonStats.<init>(CommonStats.java:139)
	at org.elasticsearch.action.admin.indices.stats.ShardStats.<init>(ShardStats.java:49)
	at org.elasticsearch.action.admin.indices.stats.TransportIndicesStatsAction.shardOperation(TransportIndicesStatsAction.java:208)
	at org.elasticsearch.action.admin.indices.stats.TransportIndicesStatsAction.shardOperation(TransportIndicesStatsAction.java:56)
	at org.elasticsearch.action.support.broadcast.TransportBroadcastOperationAction$AsyncBroadcastAction$1.run(TransportBroadcastOperationAction.java:171)
	at java.util.concurrent.ThreadPoolExecutor.runWorker(ThreadPoolExecutor.java:1142)
	at java.util.concurrent.ThreadPoolExecutor$Worker.run(ThreadPoolExecutor.java:617)
	at java.lang.Thread.run(Thread.java:745)
[2015-07-21 15:22:34,101][DEBUG][action.admin.indices.stats] [Rage] [.kibana][0], node[3Lh-7WDeQRWQobQ_Mndcow], [P], s[STARTED]: failed to execute [org.elasticsearch.action.admin.indices.stats.IndicesStatsRequest@1ad9eeee]
org.elasticsearch.ElasticsearchException: failed to refresh store stats
	at org.elasticsearch.index.store.Store$StoreStatsCache.refresh(Store.java:1458)
	at org.elasticsearch.index.store.Store$StoreStatsCache.refresh(Store.java:1443)
	at org.elasticsearch.common.util.SingleObjectCache.getOrRefresh(SingleObjectCache.java:55)
	at org.elasticsearch.index.store.Store.stats(Store.java:285)
	at org.elasticsearch.index.shard.IndexShard.storeStats(IndexShard.java:600)
	at org.elasticsearch.action.admin.indices.stats.CommonStats.<init>(CommonStats.java:139)
	at org.elasticsearch.action.admin.indices.stats.ShardStats.<init>(ShardStats.java:49)
	at org.elasticsearch.action.admin.indices.stats.TransportIndicesStatsAction.shardOperation(TransportIndicesStatsAction.java:208)
	at org.elasticsearch.action.admin.indices.stats.TransportIndicesStatsAction.shardOperation(TransportIndicesStatsAction.java:56)
	at org.elasticsearch.action.support.broadcast.TransportBroadcastOperationAction$AsyncBroadcastAction$1.run(TransportBroadcastOperationAction.java:171)
	at java.util.concurrent.ThreadPoolExecutor.runWorker(ThreadPoolExecutor.java:1142)
	at java.util.concurrent.ThreadPoolExecutor$Worker.run(ThreadPoolExecutor.java:617)
	at java.lang.Thread.run(Thread.java:745)
[2015-07-21 15:23:04,103][DEBUG][action.admin.indices.stats] [Rage] [.kibana][0], node[3Lh-7WDeQRWQobQ_Mndcow], [P], s[STARTED]: failed to execute [org.elasticsearch.action.admin.indices.stats.IndicesStatsRequest@244ac96]
org.elasticsearch.ElasticsearchException: failed to refresh store stats
	at org.elasticsearch.index.store.Store$StoreStatsCache.refresh(Store.java:1458)
	at org.elasticsearch.index.store.Store$StoreStatsCache.refresh(Store.java:1443)
	at org.elasticsearch.common.util.SingleObjectCache.getOrRefresh(SingleObjectCache.java:55)
	at org.elasticsearch.index.store.Store.stats(Store.java:285)
	at org.elasticsearch.index.shard.IndexShard.storeStats(IndexShard.java:600)
	at org.elasticsearch.action.admin.indices.stats.CommonStats.<init>(CommonStats.java:139)
	at org.elasticsearch.action.admin.indices.stats.ShardStats.<init>(ShardStats.java:49)
	at org.elasticsearch.action.admin.indices.stats.TransportIndicesStatsAction.shardOperation(TransportIndicesStatsAction.java:208)
	at org.elasticsearch.action.admin.indices.stats.TransportIndicesStatsAction.shardOperation(TransportIndicesStatsAction.java:56)
	at org.elasticsearch.action.support.broadcast.TransportBroadcastOperationAction$AsyncBroadcastAction$1.run(TransportBroadcastOperationAction.java:171)
	at java.util.concurrent.ThreadPoolExecutor.runWorker(ThreadPoolExecutor.java:1142)
	at java.util.concurrent.ThreadPoolExecutor$Worker.run(ThreadPoolExecutor.java:617)
	at java.lang.Thread.run(Thread.java:745)
[2015-07-21 15:23:34,105][DEBUG][action.admin.indices.stats] [Rage] [.kibana][0], node[3Lh-7WDeQRWQobQ_Mndcow], [P], s[STARTED]: failed to execute [org.elasticsearch.action.admin.indices.stats.IndicesStatsRequest@7fa29496]
org.elasticsearch.ElasticsearchException: failed to refresh store stats
	at org.elasticsearch.index.store.Store$StoreStatsCache.refresh(Store.java:1458)
	at org.elasticsearch.index.store.Store$StoreStatsCache.refresh(Store.java:1443)
	at org.elasticsearch.common.util.SingleObjectCache.getOrRefresh(SingleObjectCache.java:55)
	at org.elasticsearch.index.store.Store.stats(Store.java:285)
	at org.elasticsearch.index.shard.IndexShard.storeStats(IndexShard.java:600)
	at org.elasticsearch.action.admin.indices.stats.CommonStats.<init>(CommonStats.java:139)
	at org.elasticsearch.action.admin.indices.stats.ShardStats.<init>(ShardStats.java:49)
	at org.elasticsearch.action.admin.indices.stats.TransportIndicesStatsAction.shardOperation(TransportIndicesStatsAction.java:208)
	at org.elasticsearch.action.admin.indices.stats.TransportIndicesStatsAction.shardOperation(TransportIndicesStatsAction.java:56)
	at org.elasticsearch.action.support.broadcast.TransportBroadcastOperationAction$AsyncBroadcastAction$1.run(TransportBroadcastOperationAction.java:171)
	at java.util.concurrent.ThreadPoolExecutor.runWorker(ThreadPoolExecutor.java:1142)
	at java.util.concurrent.ThreadPoolExecutor$Worker.run(ThreadPoolExecutor.java:617)
	at java.lang.Thread.run(Thread.java:745)
[2015-07-21 15:24:04,105][DEBUG][action.admin.indices.stats] [Rage] [.kibana][0], node[3Lh-7WDeQRWQobQ_Mndcow], [P], s[STARTED]: failed to execute [org.elasticsearch.action.admin.indices.stats.IndicesStatsRequest@4c63a001]
org.elasticsearch.ElasticsearchException: failed to refresh store stats
	at org.elasticsearch.index.store.Store$StoreStatsCache.refresh(Store.java:1458)
	at org.elasticsearch.index.store.Store$StoreStatsCache.refresh(Store.java:1443)
	at org.elasticsearch.common.util.SingleObjectCache.getOrRefresh(SingleObjectCache.java:55)
	at org.elasticsearch.index.store.Store.stats(Store.java:285)
	at org.elasticsearch.index.shard.IndexShard.storeStats(IndexShard.java:600)
	at org.elasticsearch.action.admin.indices.stats.CommonStats.<init>(CommonStats.java:139)
	at org.elasticsearch.action.admin.indices.stats.ShardStats.<init>(ShardStats.java:49)
	at org.elasticsearch.action.admin.indices.stats.TransportIndicesStatsAction.shardOperation(TransportIndicesStatsAction.java:208)
	at org.elasticsearch.action.admin.indices.stats.TransportIndicesStatsAction.shardOperation(TransportIndicesStatsAction.java:56)
	at org.elasticsearch.action.support.broadcast.TransportBroadcastOperationAction$AsyncBroadcastAction$1.run(TransportBroadcastOperationAction.java:171)
	at java.util.concurrent.ThreadPoolExecutor.runWorker(ThreadPoolExecutor.java:1142)
	at java.util.concurrent.ThreadPoolExecutor$Worker.run(ThreadPoolExecutor.java:617)
	at java.lang.Thread.run(Thread.java:745)
[2015-07-21 15:24:34,107][DEBUG][action.admin.indices.stats] [Rage] [.kibana][0], node[3Lh-7WDeQRWQobQ_Mndcow], [P], s[STARTED]: failed to execute [org.elasticsearch.action.admin.indices.stats.IndicesStatsRequest@403d83b1]
org.elasticsearch.ElasticsearchException: failed to refresh store stats
	at org.elasticsearch.index.store.Store$StoreStatsCache.refresh(Store.java:1458)
	at org.elasticsearch.index.store.Store$StoreStatsCache.refresh(Store.java:1443)
	at org.elasticsearch.common.util.SingleObjectCache.getOrRefresh(SingleObjectCache.java:55)
	at org.elasticsearch.index.store.Store.stats(Store.java:285)
	at org.elasticsearch.index.shard.IndexShard.storeStats(IndexShard.java:600)
	at org.elasticsearch.action.admin.indices.stats.CommonStats.<init>(CommonStats.java:139)
	at org.elasticsearch.action.admin.indices.stats.ShardStats.<init>(ShardStats.java:49)
	at org.elasticsearch.action.admin.indices.stats.TransportIndicesStatsAction.shardOperation(TransportIndicesStatsAction.java:208)
	at org.elasticsearch.action.admin.indices.stats.TransportIndicesStatsAction.shardOperation(TransportIndicesStatsAction.java:56)
	at org.elasticsearch.action.support.broadcast.TransportBroadcastOperationAction$AsyncBroadcastAction$1.run(TransportBroadcastOperationAction.java:171)
	at java.util.concurrent.ThreadPoolExecutor.runWorker(ThreadPoolExecutor.java:1142)
	at java.util.concurrent.ThreadPoolExecutor$Worker.run(ThreadPoolExecutor.java:617)
	at java.lang.Thread.run(Thread.java:745)
[2015-07-21 15:25:04,106][DEBUG][action.admin.indices.stats] [Rage] [.kibana][0], node[3Lh-7WDeQRWQobQ_Mndcow], [P], s[STARTED]: failed to execute [org.elasticsearch.action.admin.indices.stats.IndicesStatsRequest@5eab0322]
org.elasticsearch.ElasticsearchException: failed to refresh store stats
	at org.elasticsearch.index.store.Store$StoreStatsCache.refresh(Store.java:1458)
	at org.elasticsearch.index.store.Store$StoreStatsCache.refresh(Store.java:1443)
	at org.elasticsearch.common.util.SingleObjectCache.getOrRefresh(SingleObjectCache.java:55)
	at org.elasticsearch.index.store.Store.stats(Store.java:285)
	at org.elasticsearch.index.shard.IndexShard.storeStats(IndexShard.java:600)
	at org.elasticsearch.action.admin.indices.stats.CommonStats.<init>(CommonStats.java:139)
	at org.elasticsearch.action.admin.indices.stats.ShardStats.<init>(ShardStats.java:49)
	at org.elasticsearch.action.admin.indices.stats.TransportIndicesStatsAction.shardOperation(TransportIndicesStatsAction.java:208)
	at org.elasticsearch.action.admin.indices.stats.TransportIndicesStatsAction.shardOperation(TransportIndicesStatsAction.java:56)
	at org.elasticsearch.action.support.broadcast.TransportBroadcastOperationAction$AsyncBroadcastAction$1.run(TransportBroadcastOperationAction.java:171)
	at java.util.concurrent.ThreadPoolExecutor.runWorker(ThreadPoolExecutor.java:1142)
	at java.util.concurrent.ThreadPoolExecutor$Worker.run(ThreadPoolExecutor.java:617)
	at java.lang.Thread.run(Thread.java:745)
[2015-07-21 15:25:34,111][DEBUG][action.admin.indices.stats] [Rage] [.kibana][0], node[3Lh-7WDeQRWQobQ_Mndcow], [P], s[STARTED]: failed to execute [org.elasticsearch.action.admin.indices.stats.IndicesStatsRequest@6b2dbb89]
org.elasticsearch.ElasticsearchException: failed to refresh store stats
	at org.elasticsearch.index.store.Store$StoreStatsCache.refresh(Store.java:1458)
	at org.elasticsearch.index.store.Store$StoreStatsCache.refresh(Store.java:1443)
	at org.elasticsearch.common.util.SingleObjectCache.getOrRefresh(SingleObjectCache.java:55)
	at org.elasticsearch.index.store.Store.stats(Store.java:285)
	at org.elasticsearch.index.shard.IndexShard.storeStats(IndexShard.java:600)
	at org.elasticsearch.action.admin.indices.stats.CommonStats.<init>(CommonStats.java:139)
	at org.elasticsearch.action.admin.indices.stats.ShardStats.<init>(ShardStats.java:49)
	at org.elasticsearch.action.admin.indices.stats.TransportIndicesStatsAction.shardOperation(TransportIndicesStatsAction.java:208)
	at org.elasticsearch.action.admin.indices.stats.TransportIndicesStatsAction.shardOperation(TransportIndicesStatsAction.java:56)
	at org.elasticsearch.action.support.broadcast.TransportBroadcastOperationAction$AsyncBroadcastAction$1.run(TransportBroadcastOperationAction.java:171)
	at java.util.concurrent.ThreadPoolExecutor.runWorker(ThreadPoolExecutor.java:1142)
	at java.util.concurrent.ThreadPoolExecutor$Worker.run(ThreadPoolExecutor.java:617)
	at java.lang.Thread.run(Thread.java:745)
[2015-07-21 15:26:04,110][DEBUG][action.admin.indices.stats] [Rage] [.kibana][0], node[3Lh-7WDeQRWQobQ_Mndcow], [P], s[STARTED]: failed to execute [org.elasticsearch.action.admin.indices.stats.IndicesStatsRequest@b70a551]
org.elasticsearch.ElasticsearchException: failed to refresh store stats
	at org.elasticsearch.index.store.Store$StoreStatsCache.refresh(Store.java:1458)
	at org.elasticsearch.index.store.Store$StoreStatsCache.refresh(Store.java:1443)
	at org.elasticsearch.common.util.SingleObjectCache.getOrRefresh(SingleObjectCache.java:55)
	at org.elasticsearch.index.store.Store.stats(Store.java:285)
	at org.elasticsearch.index.shard.IndexShard.storeStats(IndexShard.java:600)
	at org.elasticsearch.action.admin.indices.stats.CommonStats.<init>(CommonStats.java:139)
	at org.elasticsearch.action.admin.indices.stats.ShardStats.<init>(ShardStats.java:49)
	at org.elasticsearch.action.admin.indices.stats.TransportIndicesStatsAction.shardOperation(TransportIndicesStatsAction.java:208)
	at org.elasticsearch.action.admin.indices.stats.TransportIndicesStatsAction.shardOperation(TransportIndicesStatsAction.java:56)
	at org.elasticsearch.action.support.broadcast.TransportBroadcastOperationAction$AsyncBroadcastAction$1.run(TransportBroadcastOperationAction.java:171)
	at java.util.concurrent.ThreadPoolExecutor.runWorker(ThreadPoolExecutor.java:1142)
	at java.util.concurrent.ThreadPoolExecutor$Worker.run(ThreadPoolExecutor.java:617)
	at java.lang.Thread.run(Thread.java:745)
[2015-07-21 15:26:34,110][DEBUG][action.admin.indices.stats] [Rage] [.kibana][0], node[3Lh-7WDeQRWQobQ_Mndcow], [P], s[STARTED]: failed to execute [org.elasticsearch.action.admin.indices.stats.IndicesStatsRequest@7d984818]
org.elasticsearch.ElasticsearchException: failed to refresh store stats
	at org.elasticsearch.index.store.Store$StoreStatsCache.refresh(Store.java:1458)
	at org.elasticsearch.index.store.Store$StoreStatsCache.refresh(Store.java:1443)
	at org.elasticsearch.common.util.SingleObjectCache.getOrRefresh(SingleObjectCache.java:55)
	at org.elasticsearch.index.store.Store.stats(Store.java:285)
	at org.elasticsearch.index.shard.IndexShard.storeStats(IndexShard.java:600)
	at org.elasticsearch.action.admin.indices.stats.CommonStats.<init>(CommonStats.java:139)
	at org.elasticsearch.action.admin.indices.stats.ShardStats.<init>(ShardStats.java:49)
	at org.elasticsearch.action.admin.indices.stats.TransportIndicesStatsAction.shardOperation(TransportIndicesStatsAction.java:208)
	at org.elasticsearch.action.admin.indices.stats.TransportIndicesStatsAction.shardOperation(TransportIndicesStatsAction.java:56)
	at org.elasticsearch.action.support.broadcast.TransportBroadcastOperationAction$AsyncBroadcastAction$1.run(TransportBroadcastOperationAction.java:171)
	at java.util.concurrent.ThreadPoolExecutor.runWorker(ThreadPoolExecutor.java:1142)
	at java.util.concurrent.ThreadPoolExecutor$Worker.run(ThreadPoolExecutor.java:617)
	at java.lang.Thread.run(Thread.java:745)
[2015-07-21 15:27:04,114][DEBUG][action.admin.indices.stats] [Rage] [.kibana][0], node[3Lh-7WDeQRWQobQ_Mndcow], [P], s[STARTED]: failed to execute [org.elasticsearch.action.admin.indices.stats.IndicesStatsRequest@220c558f]
org.elasticsearch.ElasticsearchException: failed to refresh store stats
	at org.elasticsearch.index.store.Store$StoreStatsCache.refresh(Store.java:1458)
	at org.elasticsearch.index.store.Store$StoreStatsCache.refresh(Store.java:1443)
	at org.elasticsearch.common.util.SingleObjectCache.getOrRefresh(SingleObjectCache.java:55)
	at org.elasticsearch.index.store.Store.stats(Store.java:285)
	at org.elasticsearch.index.shard.IndexShard.storeStats(IndexShard.java:600)
	at org.elasticsearch.action.admin.indices.stats.CommonStats.<init>(CommonStats.java:139)
	at org.elasticsearch.action.admin.indices.stats.ShardStats.<init>(ShardStats.java:49)
	at org.elasticsearch.action.admin.indices.stats.TransportIndicesStatsAction.shardOperation(TransportIndicesStatsAction.java:208)
	at org.elasticsearch.action.admin.indices.stats.TransportIndicesStatsAction.shardOperation(TransportIndicesStatsAction.java:56)
	at org.elasticsearch.action.support.broadcast.TransportBroadcastOperationAction$AsyncBroadcastAction$1.run(TransportBroadcastOperationAction.java:171)
	at java.util.concurrent.ThreadPoolExecutor.runWorker(ThreadPoolExecutor.java:1142)
	at java.util.concurrent.ThreadPoolExecutor$Worker.run(ThreadPoolExecutor.java:617)
	at java.lang.Thread.run(Thread.java:745)
[2015-07-21 15:27:34,114][DEBUG][action.admin.indices.stats] [Rage] [.kibana][0], node[3Lh-7WDeQRWQobQ_Mndcow], [P], s[STARTED]: failed to execute [org.elasticsearch.action.admin.indices.stats.IndicesStatsRequest@1c2d7f05]
org.elasticsearch.ElasticsearchException: failed to refresh store stats
	at org.elasticsearch.index.store.Store$StoreStatsCache.refresh(Store.java:1458)
	at org.elasticsearch.index.store.Store$StoreStatsCache.refresh(Store.java:1443)
	at org.elasticsearch.common.util.SingleObjectCache.getOrRefresh(SingleObjectCache.java:55)
	at org.elasticsearch.index.store.Store.stats(Store.java:285)
	at org.elasticsearch.index.shard.IndexShard.storeStats(IndexShard.java:600)
	at org.elasticsearch.action.admin.indices.stats.CommonStats.<init>(CommonStats.java:139)
	at org.elasticsearch.action.admin.indices.stats.ShardStats.<init>(ShardStats.java:49)
	at org.elasticsearch.action.admin.indices.stats.TransportIndicesStatsAction.shardOperation(TransportIndicesStatsAction.java:208)
	at org.elasticsearch.action.admin.indices.stats.TransportIndicesStatsAction.shardOperation(TransportIndicesStatsAction.java:56)
	at org.elasticsearch.action.support.broadcast.TransportBroadcastOperationAction$AsyncBroadcastAction$1.run(TransportBroadcastOperationAction.java:171)
	at java.util.concurrent.ThreadPoolExecutor.runWorker(ThreadPoolExecutor.java:1142)
	at java.util.concurrent.ThreadPoolExecutor$Worker.run(ThreadPoolExecutor.java:617)
	at java.lang.Thread.run(Thread.java:745)
[2015-07-21 15:28:03,998][WARN ][index.translog           ] [Rage] [.kibana][0] failed to flush shard on translog threshold
org.elasticsearch.index.engine.FlushFailedEngineException: [.kibana][0] Flush failed
	at org.elasticsearch.index.engine.InternalEngine.flush(InternalEngine.java:647)
	at org.elasticsearch.index.engine.InternalEngine.flush(InternalEngine.java:593)
	at org.elasticsearch.index.shard.IndexShard.flush(IndexShard.java:675)
	at org.elasticsearch.index.translog.TranslogService$TranslogBasedFlush$1.run(TranslogService.java:203)
	at java.util.concurrent.ThreadPoolExecutor.runWorker(ThreadPoolExecutor.java:1142)
	at java.util.concurrent.ThreadPoolExecutor$Worker.run(ThreadPoolExecutor.java:617)
	at java.lang.Thread.run(Thread.java:745)
Caused by: org.elasticsearch.index.translog.TranslogException: [.kibana][0] failed to create new translog file
	at org.elasticsearch.index.translog.fs.FsTranslog.newTransientTranslog(FsTranslog.java:292)
	at org.elasticsearch.index.engine.InternalEngine.flush(InternalEngine.java:635)
	... 6 more
Caused by: java.io.FileNotFoundException: /Users/nicolekjiang/git/fydp/elasticsearch-1.5.2 2/data/elasticsearch/nodes/0/indices/.kibana/0/translog/translog-1437505079308 (No such file or directory)
	at java.io.RandomAccessFile.open0(Native Method)
	at java.io.RandomAccessFile.open(RandomAccessFile.java:316)
	at java.io.RandomAccessFile.<init>(RandomAccessFile.java:243)
	at org.elasticsearch.index.translog.fs.RafReference.<init>(RafReference.java:49)
	at org.elasticsearch.index.translog.fs.FsTranslog.newTransientTranslog(FsTranslog.java:290)
	... 7 more
[2015-07-21 15:28:04,118][DEBUG][action.admin.indices.stats] [Rage] [.kibana][0], node[3Lh-7WDeQRWQobQ_Mndcow], [P], s[STARTED]: failed to execute [org.elasticsearch.action.admin.indices.stats.IndicesStatsRequest@31436b89]
org.elasticsearch.ElasticsearchException: failed to refresh store stats
	at org.elasticsearch.index.store.Store$StoreStatsCache.refresh(Store.java:1458)
	at org.elasticsearch.index.store.Store$StoreStatsCache.refresh(Store.java:1443)
	at org.elasticsearch.common.util.SingleObjectCache.getOrRefresh(SingleObjectCache.java:55)
	at org.elasticsearch.index.store.Store.stats(Store.java:285)
	at org.elasticsearch.index.shard.IndexShard.storeStats(IndexShard.java:600)
	at org.elasticsearch.action.admin.indices.stats.CommonStats.<init>(CommonStats.java:139)
	at org.elasticsearch.action.admin.indices.stats.ShardStats.<init>(ShardStats.java:49)
	at org.elasticsearch.action.admin.indices.stats.TransportIndicesStatsAction.shardOperation(TransportIndicesStatsAction.java:208)
	at org.elasticsearch.action.admin.indices.stats.TransportIndicesStatsAction.shardOperation(TransportIndicesStatsAction.java:56)
	at org.elasticsearch.action.support.broadcast.TransportBroadcastOperationAction$AsyncBroadcastAction$1.run(TransportBroadcastOperationAction.java:171)
	at java.util.concurrent.ThreadPoolExecutor.runWorker(ThreadPoolExecutor.java:1142)
	at java.util.concurrent.ThreadPoolExecutor$Worker.run(ThreadPoolExecutor.java:617)
	at java.lang.Thread.run(Thread.java:745)
[2015-07-21 15:28:34,123][DEBUG][action.admin.indices.stats] [Rage] [.kibana][0], node[3Lh-7WDeQRWQobQ_Mndcow], [P], s[STARTED]: failed to execute [org.elasticsearch.action.admin.indices.stats.IndicesStatsRequest@340639a0]
org.elasticsearch.ElasticsearchException: failed to refresh store stats
	at org.elasticsearch.index.store.Store$StoreStatsCache.refresh(Store.java:1458)
	at org.elasticsearch.index.store.Store$StoreStatsCache.refresh(Store.java:1443)
	at org.elasticsearch.common.util.SingleObjectCache.getOrRefresh(SingleObjectCache.java:55)
	at org.elasticsearch.index.store.Store.stats(Store.java:285)
	at org.elasticsearch.index.shard.IndexShard.storeStats(IndexShard.java:600)
	at org.elasticsearch.action.admin.indices.stats.CommonStats.<init>(CommonStats.java:139)
	at org.elasticsearch.action.admin.indices.stats.ShardStats.<init>(ShardStats.java:49)
	at org.elasticsearch.action.admin.indices.stats.TransportIndicesStatsAction.shardOperation(TransportIndicesStatsAction.java:208)
	at org.elasticsearch.action.admin.indices.stats.TransportIndicesStatsAction.shardOperation(TransportIndicesStatsAction.java:56)
	at org.elasticsearch.action.support.broadcast.TransportBroadcastOperationAction$AsyncBroadcastAction$1.run(TransportBroadcastOperationAction.java:171)
	at java.util.concurrent.ThreadPoolExecutor.runWorker(ThreadPoolExecutor.java:1142)
	at java.util.concurrent.ThreadPoolExecutor$Worker.run(ThreadPoolExecutor.java:617)
	at java.lang.Thread.run(Thread.java:745)
[2015-07-21 15:29:04,125][DEBUG][action.admin.indices.stats] [Rage] [.kibana][0], node[3Lh-7WDeQRWQobQ_Mndcow], [P], s[STARTED]: failed to execute [org.elasticsearch.action.admin.indices.stats.IndicesStatsRequest@70befbd4]
org.elasticsearch.ElasticsearchException: failed to refresh store stats
	at org.elasticsearch.index.store.Store$StoreStatsCache.refresh(Store.java:1458)
	at org.elasticsearch.index.store.Store$StoreStatsCache.refresh(Store.java:1443)
	at org.elasticsearch.common.util.SingleObjectCache.getOrRefresh(SingleObjectCache.java:55)
	at org.elasticsearch.index.store.Store.stats(Store.java:285)
	at org.elasticsearch.index.shard.IndexShard.storeStats(IndexShard.java:600)
	at org.elasticsearch.action.admin.indices.stats.CommonStats.<init>(CommonStats.java:139)
	at org.elasticsearch.action.admin.indices.stats.ShardStats.<init>(ShardStats.java:49)
	at org.elasticsearch.action.admin.indices.stats.TransportIndicesStatsAction.shardOperation(TransportIndicesStatsAction.java:208)
	at org.elasticsearch.action.admin.indices.stats.TransportIndicesStatsAction.shardOperation(TransportIndicesStatsAction.java:56)
	at org.elasticsearch.action.support.broadcast.TransportBroadcastOperationAction$AsyncBroadcastAction$1.run(TransportBroadcastOperationAction.java:171)
	at java.util.concurrent.ThreadPoolExecutor.runWorker(ThreadPoolExecutor.java:1142)
	at java.util.concurrent.ThreadPoolExecutor$Worker.run(ThreadPoolExecutor.java:617)
	at java.lang.Thread.run(Thread.java:745)
[2015-07-21 15:29:34,130][DEBUG][action.admin.indices.stats] [Rage] [.kibana][0], node[3Lh-7WDeQRWQobQ_Mndcow], [P], s[STARTED]: failed to execute [org.elasticsearch.action.admin.indices.stats.IndicesStatsRequest@132ebe03]
org.elasticsearch.ElasticsearchException: failed to refresh store stats
	at org.elasticsearch.index.store.Store$StoreStatsCache.refresh(Store.java:1458)
	at org.elasticsearch.index.store.Store$StoreStatsCache.refresh(Store.java:1443)
	at org.elasticsearch.common.util.SingleObjectCache.getOrRefresh(SingleObjectCache.java:55)
	at org.elasticsearch.index.store.Store.stats(Store.java:285)
	at org.elasticsearch.index.shard.IndexShard.storeStats(IndexShard.java:600)
	at org.elasticsearch.action.admin.indices.stats.CommonStats.<init>(CommonStats.java:139)
	at org.elasticsearch.action.admin.indices.stats.ShardStats.<init>(ShardStats.java:49)
	at org.elasticsearch.action.admin.indices.stats.TransportIndicesStatsAction.shardOperation(TransportIndicesStatsAction.java:208)
	at org.elasticsearch.action.admin.indices.stats.TransportIndicesStatsAction.shardOperation(TransportIndicesStatsAction.java:56)
	at org.elasticsearch.action.support.broadcast.TransportBroadcastOperationAction$AsyncBroadcastAction$1.run(TransportBroadcastOperationAction.java:171)
	at java.util.concurrent.ThreadPoolExecutor.runWorker(ThreadPoolExecutor.java:1142)
	at java.util.concurrent.ThreadPoolExecutor$Worker.run(ThreadPoolExecutor.java:617)
	at java.lang.Thread.run(Thread.java:745)
[2015-07-21 15:30:04,132][DEBUG][action.admin.indices.stats] [Rage] [.kibana][0], node[3Lh-7WDeQRWQobQ_Mndcow], [P], s[STARTED]: failed to execute [org.elasticsearch.action.admin.indices.stats.IndicesStatsRequest@10a75b9a]
org.elasticsearch.ElasticsearchException: failed to refresh store stats
	at org.elasticsearch.index.store.Store$StoreStatsCache.refresh(Store.java:1458)
	at org.elasticsearch.index.store.Store$StoreStatsCache.refresh(Store.java:1443)
	at org.elasticsearch.common.util.SingleObjectCache.getOrRefresh(SingleObjectCache.java:55)
	at org.elasticsearch.index.store.Store.stats(Store.java:285)
	at org.elasticsearch.index.shard.IndexShard.storeStats(IndexShard.java:600)
	at org.elasticsearch.action.admin.indices.stats.CommonStats.<init>(CommonStats.java:139)
	at org.elasticsearch.action.admin.indices.stats.ShardStats.<init>(ShardStats.java:49)
	at org.elasticsearch.action.admin.indices.stats.TransportIndicesStatsAction.shardOperation(TransportIndicesStatsAction.java:208)
	at org.elasticsearch.action.admin.indices.stats.TransportIndicesStatsAction.shardOperation(TransportIndicesStatsAction.java:56)
	at org.elasticsearch.action.support.broadcast.TransportBroadcastOperationAction$AsyncBroadcastAction$1.run(TransportBroadcastOperationAction.java:171)
	at java.util.concurrent.ThreadPoolExecutor.runWorker(ThreadPoolExecutor.java:1142)
	at java.util.concurrent.ThreadPoolExecutor$Worker.run(ThreadPoolExecutor.java:617)
	at java.lang.Thread.run(Thread.java:745)
[2015-07-21 15:30:26,823][INFO ][node                     ] [Rage] stopping ...
[2015-07-21 15:30:26,852][WARN ][index.engine             ] [Rage] [.kibana][0] failed to read latest segment infos on flush
org.apache.lucene.store.NoSuchDirectoryException: directory '/Users/nicolekjiang/git/fydp/elasticsearch-1.5.2 2/data/elasticsearch/nodes/0/indices/.kibana/0/index' does not exist
	at org.apache.lucene.store.FSDirectory.listAll(FSDirectory.java:213)
	at org.apache.lucene.store.FSDirectory.listAll(FSDirectory.java:237)
	at org.apache.lucene.store.FilterDirectory.listAll(FilterDirectory.java:48)
	at org.apache.lucene.store.FilterDirectory.listAll(FilterDirectory.java:48)
	at org.apache.lucene.store.FilterDirectory.listAll(FilterDirectory.java:48)
	at org.apache.lucene.index.SegmentInfos$FindSegmentsFile.run(SegmentInfos.java:818)
	at org.apache.lucene.index.SegmentInfos$FindSegmentsFile.run(SegmentInfos.java:769)
	at org.apache.lucene.index.SegmentInfos.read(SegmentInfos.java:458)
	at org.elasticsearch.common.lucene.Lucene.readSegmentInfos(Lucene.java:89)
	at org.elasticsearch.index.store.Store.readSegmentsInfo(Store.java:158)
	at org.elasticsearch.index.store.Store.readLastCommittedSegmentsInfo(Store.java:148)
	at org.elasticsearch.index.engine.InternalEngine.flush(InternalEngine.java:675)
	at org.elasticsearch.index.engine.InternalEngine.flush(InternalEngine.java:588)
	at org.elasticsearch.index.engine.Engine.flushAndClose(Engine.java:1041)
	at org.elasticsearch.index.shard.IndexShard.close(IndexShard.java:731)
	at org.elasticsearch.index.IndexService.closeShardInjector(IndexService.java:408)
	at org.elasticsearch.index.IndexService.removeShard(IndexService.java:382)
	at org.elasticsearch.index.IndexService.close(IndexService.java:273)
	at org.elasticsearch.indices.IndicesService.removeIndex(IndicesService.java:383)
	at org.elasticsearch.indices.IndicesService.access$000(IndicesService.java:105)
	at org.elasticsearch.indices.IndicesService$1.run(IndicesService.java:148)
	at java.util.concurrent.ThreadPoolExecutor.runWorker(ThreadPoolExecutor.java:1142)
	at java.util.concurrent.ThreadPoolExecutor$Worker.run(ThreadPoolExecutor.java:617)
	at java.lang.Thread.run(Thread.java:745)
[2015-07-21 15:30:26,860][WARN ][index.engine             ] [Rage] [.kibana][0] failed to rollback writer on close
org.apache.lucene.store.NoSuchDirectoryException: directory '/Users/nicolekjiang/git/fydp/elasticsearch-1.5.2 2/data/elasticsearch/nodes/0/indices/.kibana/0/index' does not exist
	at org.apache.lucene.store.FSDirectory.listAll(FSDirectory.java:213)
	at org.apache.lucene.store.FSDirectory.listAll(FSDirectory.java:237)
	at org.apache.lucene.store.FilterDirectory.listAll(FilterDirectory.java:48)
	at org.apache.lucene.store.FilterDirectory.listAll(FilterDirectory.java:48)
	at org.apache.lucene.store.FilterDirectory.listAll(FilterDirectory.java:48)
	at org.apache.lucene.index.IndexFileDeleter.refresh(IndexFileDeleter.java:426)
	at org.apache.lucene.index.IndexFileDeleter.refresh(IndexFileDeleter.java:462)
	at org.apache.lucene.index.IndexWriter.rollbackInternal(IndexWriter.java:2149)
	at org.apache.lucene.index.IndexWriter.rollback(IndexWriter.java:2089)
	at org.elasticsearch.index.engine.InternalEngine.closeNoLock(InternalEngine.java:983)
	at org.elasticsearch.index.engine.Engine.close(Engine.java:1061)
	at org.elasticsearch.index.engine.Engine.flushAndClose(Engine.java:1048)
	at org.elasticsearch.index.shard.IndexShard.close(IndexShard.java:731)
	at org.elasticsearch.index.IndexService.closeShardInjector(IndexService.java:408)
	at org.elasticsearch.index.IndexService.removeShard(IndexService.java:382)
	at org.elasticsearch.index.IndexService.close(IndexService.java:273)
	at org.elasticsearch.indices.IndicesService.removeIndex(IndicesService.java:383)
	at org.elasticsearch.indices.IndicesService.access$000(IndicesService.java:105)
	at org.elasticsearch.indices.IndicesService$1.run(IndicesService.java:148)
	at java.util.concurrent.ThreadPoolExecutor.runWorker(ThreadPoolExecutor.java:1142)
	at java.util.concurrent.ThreadPoolExecutor$Worker.run(ThreadPoolExecutor.java:617)
	at java.lang.Thread.run(Thread.java:745)
[2015-07-21 15:30:26,862][INFO ][node                     ] [Rage] stopped
[2015-07-21 15:30:26,862][INFO ][node                     ] [Rage] closing ...
[2015-07-21 15:30:26,872][INFO ][node                     ] [Rage] closed
[2015-07-21 15:30:39,882][INFO ][node                     ] [Dragon of the Moon] version[1.5.2], pid[6623], build[62ff986/2015-04-27T09:21:06Z]
[2015-07-21 15:30:39,883][INFO ][node                     ] [Dragon of the Moon] initializing ...
[2015-07-21 15:30:39,892][INFO ][plugins                  ] [Dragon of the Moon] loaded [], sites []
[2015-07-21 15:30:42,980][INFO ][node                     ] [Dragon of the Moon] initialized
[2015-07-21 15:30:42,981][INFO ][node                     ] [Dragon of the Moon] starting ...
[2015-07-21 15:30:43,153][INFO ][transport                ] [Dragon of the Moon] bound_address {inet[/0:0:0:0:0:0:0:0:9300]}, publish_address {inet[/10.20.167.68:9300]}
[2015-07-21 15:30:43,183][INFO ][discovery                ] [Dragon of the Moon] elasticsearch/hXc_A8FoRzWdKrGufz6OEg
[2015-07-21 15:30:46,966][INFO ][cluster.service          ] [Dragon of the Moon] new_master [Dragon of the Moon][hXc_A8FoRzWdKrGufz6OEg][v1020-wn-167-68.campus-dynamic.uwaterloo.ca][inet[/10.20.167.68:9300]], reason: zen-disco-join (elected_as_master)
[2015-07-21 15:30:46,989][INFO ][http                     ] [Dragon of the Moon] bound_address {inet[/0:0:0:0:0:0:0:0:9200]}, publish_address {inet[/10.20.167.68:9200]}
[2015-07-21 15:30:46,990][INFO ][node                     ] [Dragon of the Moon] started
[2015-07-21 15:30:47,642][INFO ][gateway                  ] [Dragon of the Moon] recovered [1] indices into cluster_state
[2015-07-21 15:30:48,241][INFO ][cluster.service          ] [Dragon of the Moon] added {[logstash-v1020-wn-167-68.campus-dynamic.uwaterloo.ca-6374-9790][zOSOTBIuSbifBxtU9kiljw][v1020-wn-167-68.campus-dynamic.uwaterloo.ca][inet[/10.20.167.68:9301]]{data=false, client=true},}, reason: zen-disco-receive(join from node[[logstash-v1020-wn-167-68.campus-dynamic.uwaterloo.ca-6374-9790][zOSOTBIuSbifBxtU9kiljw][v1020-wn-167-68.campus-dynamic.uwaterloo.ca][inet[/10.20.167.68:9301]]{data=false, client=true}])
